***** Compile host executable *****
/home/tools/xilinx/vivado_2017.4/Vivado/2017.4/tps/lnx64/gcc-6.2.0/bin/g++ -g -O2 -std=c++11 -I /home/scratch.bzhan_t186/xilinx_fpga/gemx/gemx/gemx/../boost/src -DCL_USE_DEPRECATED_OPENCL_1_1_APIS -DBOOST_COMPUTE_DEBUG_KERNEL_COMPILATION -DBOOST_COMPUTE_HAVE_THREAD_LOCAL -DBOOST_COMPUTE_THREAD_SAFE -D FLOW_HLS_CSIM -D GMEM_M=0  -I ./src -D TEST_SDX=1 -D GEMX_dataType=short -D GEMX_dataEqIntType=short -D GEMX_ddrWidth=4 -D GEMX_argInstrWidth=8 -D GEMX_numInstr=16 -D GEMX_gemvkVectorBlocks=512 -D GEMX_gemvmVectorBlocks=512 -D GEMX_gemvmGroups=1 -D GEMX_gemmMeshRows=4  -D GEMX_gemmMeshCols=4 -D GEMX_gemmMeshDepth=4 -D GEMX_gemmMBlocks=1  -D GEMX_gemmKBlocks=2 -D GEMX_gemmNBlocks=1 -D GEMX_transpBlocks=1 -D GEMX_spmvWidth=1 -D GEMX_spmvkVectorBlocks=2048 -D GEMX_spmvMacGroups=4 -D GEMX_spmvColAddIdxBits=2 -D GEMX_spmvPadA=1 -D GEMX_spmvNumCblocks=1024 -D GEMX_spmvFloatPerDesc=4 -D GEMX_argPipeline=2 -D GEMX_part=kcu1500 -D GEMX_useURAM=0 -D GEMX_splitMesh=0 -D GEMX_runGemv=0 -D GEMX_runGemm=1 -D GEMX_runTransp=0 -D GEMX_runSpmv=0 -D GEMX_numKernels=1 -Wno-ignored-attributes  -I/home/tools/xilinx/SDAccel/2017.2/Vivado_HLS/include -I/home/tools/xilinx/vivado_2017.4/Vivado/2017.4/include -I/home/tools/xilinx/SDAccel/2017.2/runtime/include/1_2  -D GEMX_fpgaDdrBanks=XCL_MEM_DDR_BANK0,XCL_MEM_DDR_BANK1,XCL_MEM_DDR_BANK2,XCL_MEM_DDR_BANK3 -L/home/scratch.bzhan_t186/xilinx_fpga/gemx/gemx/gemx/../boost/lib -lboost_iostreams -lz -L/home/tools/xilinx/vivado_2017.4/Vivado/2017.4/tps/lnx64/gcc-6.2.0/lib64 -lstdc++ -L/home/tools/xilinx/SDAccel/2017.2/runtime/lib/x86_64 -lxilinxopencl -lrt -lOpenCL -pthread -Wl,--rpath=/home/scratch.bzhan_t186/xilinx_fpga/gemx/gemx/gemx/../boost/lib -Wl,--rpath=/home/tools/xilinx/vivado_2017.4/Vivado/2017.4/tps/lnx64/gcc-6.2.0/lib64 -Wl,--rpath=/home/tools/xilinx/SDAccel/2017.2/lib/lnx64.o -Wl,--rpath=/home/tools/xilinx/SDAccel/2017.2/runtime/lib/x86_64  src/gemx_main.cpp -o out_host/gemx_host.exe 
***** Compile testcase generator executable *****
/home/tools/xilinx/vivado_2017.4/Vivado/2017.4/tps/lnx64/gcc-6.2.0/bin/g++ -g -O2 -std=c++11 -I /home/scratch.bzhan_t186/xilinx_fpga/gemx/gemx/gemx/../boost/src -DCL_USE_DEPRECATED_OPENCL_1_1_APIS -DBOOST_COMPUTE_DEBUG_KERNEL_COMPILATION -DBOOST_COMPUTE_HAVE_THREAD_LOCAL -DBOOST_COMPUTE_THREAD_SAFE -D FLOW_HLS_CSIM -D GMEM_M=0  -I ./src -D TEST_SDX=1 -D GEMX_dataType=short -D GEMX_dataEqIntType=short -D GEMX_ddrWidth=4 -D GEMX_argInstrWidth=8 -D GEMX_numInstr=16 -D GEMX_gemvkVectorBlocks=512 -D GEMX_gemvmVectorBlocks=512 -D GEMX_gemvmGroups=1 -D GEMX_gemmMeshRows=4  -D GEMX_gemmMeshCols=4 -D GEMX_gemmMeshDepth=4 -D GEMX_gemmMBlocks=1  -D GEMX_gemmKBlocks=2 -D GEMX_gemmNBlocks=1 -D GEMX_transpBlocks=1 -D GEMX_spmvWidth=1 -D GEMX_spmvkVectorBlocks=2048 -D GEMX_spmvMacGroups=4 -D GEMX_spmvColAddIdxBits=2 -D GEMX_spmvPadA=1 -D GEMX_spmvNumCblocks=1024 -D GEMX_spmvFloatPerDesc=4 -D GEMX_argPipeline=2 -D GEMX_part=kcu1500 -D GEMX_useURAM=0 -D GEMX_splitMesh=0 -D GEMX_runGemv=0 -D GEMX_runGemm=1 -D GEMX_runTransp=0 -D GEMX_runSpmv=0 -D GEMX_numKernels=1 -Wno-ignored-attributes  -I/home/tools/xilinx/SDAccel/2017.2/Vivado_HLS/include -I/home/tools/xilinx/vivado_2017.4/Vivado/2017.4/include -I/home/tools/xilinx/SDAccel/2017.2/runtime/include/1_2  -D GEMX_fpgaDdrBanks=XCL_MEM_DDR_BANK0,XCL_MEM_DDR_BANK1,XCL_MEM_DDR_BANK2,XCL_MEM_DDR_BANK3 -L/home/scratch.bzhan_t186/xilinx_fpga/gemx/gemx/gemx/../boost/lib -lboost_iostreams -lz -L/home/tools/xilinx/vivado_2017.4/Vivado/2017.4/tps/lnx64/gcc-6.2.0/lib64 -lstdc++ -L/home/tools/xilinx/SDAccel/2017.2/runtime/lib/x86_64 -lxilinxopencl -lrt -lOpenCL -pthread -Wl,--rpath=/home/scratch.bzhan_t186/xilinx_fpga/gemx/gemx/gemx/../boost/lib -Wl,--rpath=/home/tools/xilinx/vivado_2017.4/Vivado/2017.4/tps/lnx64/gcc-6.2.0/lib64 -Wl,--rpath=/home/tools/xilinx/SDAccel/2017.2/lib/lnx64.o -Wl,--rpath=/home/tools/xilinx/SDAccel/2017.2/runtime/lib/x86_64  -fdata-sections -ffunction-sections -Wl,--gc-sections src/gemx_gen_bin.cpp -o out_host/gemx_gen_bin.exe
out_host/gemx_gen_bin.exe -write out_host/app.bin gemm  32 64 32   64 32 32  Am1 Bm1 Cm1 gemm  32 64 32   64 64 64    Am2 Bm2 Cm2  
gemx_gen_bin::main() start
GEMX:  out_host/gemx_gen_bin.exe -write out_host/app.bin
Added GEMM 32x64x32  
Added GEMM 32x64x32  
Added CONTROL  IsLastOp=0 Noop=1  
Added CONTROL  IsLastOp=0 Noop=1  
Added CONTROL  IsLastOp=0 Noop=1  
Added CONTROL  IsLastOp=0 Noop=1  
Added CONTROL  IsLastOp=0 Noop=1  
Added CONTROL  IsLastOp=0 Noop=1  
Added CONTROL  IsLastOp=0 Noop=1  
Added CONTROL  IsLastOp=0 Noop=1  
Added CONTROL  IsLastOp=0 Noop=1  
Added CONTROL  IsLastOp=0 Noop=1  
Added CONTROL  IsLastOp=0 Noop=1  
Added CONTROL  IsLastOp=0 Noop=1  
Added CONTROL  IsLastOp=0 Noop=1  
Added CONTROL  IsLastOp=1 Noop=0  
INFO: wrote 36864 bytes to out_host/app.bin
Added GEMM 32x64x32    gemm with golden took   0.170320 msec
Added GEMM 32x64x32    gemm with golden took   0.193929 msec
Added CONTROL  IsLastOp=0 Noop=1  
Added CONTROL  IsLastOp=0 Noop=1  
Added CONTROL  IsLastOp=0 Noop=1  
Added CONTROL  IsLastOp=0 Noop=1  
Added CONTROL  IsLastOp=0 Noop=1  
Added CONTROL  IsLastOp=0 Noop=1  
Added CONTROL  IsLastOp=0 Noop=1  
Added CONTROL  IsLastOp=0 Noop=1  
Added CONTROL  IsLastOp=0 Noop=1  
Added CONTROL  IsLastOp=0 Noop=1  
Added CONTROL  IsLastOp=0 Noop=1  
Added CONTROL  IsLastOp=0 Noop=1  
Added CONTROL  IsLastOp=0 Noop=1  
Added CONTROL  IsLastOp=1 Noop=0  
INFO: wrote 36864 bytes to out_host/app_gold.bin
gemx_gen_bin::main() end succefully
out_host/gemx_gen_bin.exe -read out_host/app.bin > out_host/app.txt
out_host/gemx_gen_bin.exe -read out_host/app_gold.bin > out_host/app_gold.txt
***** Compile testcase generator executable *****
/home/tools/xilinx/vivado_2017.4/Vivado/2017.4/tps/lnx64/gcc-6.2.0/bin/g++ -g -O2 -std=c++11 -I /home/scratch.bzhan_t186/xilinx_fpga/gemx/gemx/gemx/../boost/src -DCL_USE_DEPRECATED_OPENCL_1_1_APIS -DBOOST_COMPUTE_DEBUG_KERNEL_COMPILATION -DBOOST_COMPUTE_HAVE_THREAD_LOCAL -DBOOST_COMPUTE_THREAD_SAFE -D FLOW_HLS_CSIM -D GMEM_M=0 -I ./src -D TEST_SDX=1 -D GEMX_dataType=short -D GEMX_dataEqIntType=short -D GEMX_ddrWidth=4 -D GEMX_argInstrWidth=8 -D GEMX_numInstr=16 -D GEMX_gemvkVectorBlocks=512 -D GEMX_gemvmVectorBlocks=512 -D GEMX_gemvmGroups=1 -D GEMX_gemmMeshRows=4 -D GEMX_gemmMeshCols=4 -D GEMX_gemmMeshDepth=4 -D GEMX_gemmMBlocks=1 -D GEMX_gemmKBlocks=2 -D GEMX_gemmNBlocks=1 -D GEMX_transpBlocks=1 -D GEMX_spmvWidth=1 -D GEMX_spmvkVectorBlocks=2048 -D GEMX_spmvMacGroups=4 -D GEMX_spmvColAddIdxBits=2 -D GEMX_spmvPadA=1 -D GEMX_spmvNumCblocks=1024 -D GEMX_spmvFloatPerDesc=4 -D GEMX_argPipeline=2 -D GEMX_part=kcu1500 -D GEMX_useURAM=0 -D GEMX_splitMesh=0 -D GEMX_runGemv=0 -D GEMX_runGemm=1 -D GEMX_runTransp=0 -D GEMX_runSpmv=0 -D GEMX_numKernels=1 -Wno-ignored-attributes -I/home/tools/xilinx/SDAccel/2017.2/Vivado_HLS/include -I/home/tools/xilinx/vivado_2017.4/Vivado/2017.4/include -I/home/tools/xilinx/SDAccel/2017.2/runtime/include/1_2 -D GEMX_fpgaDdrBanks=XCL_MEM_DDR_BANK0,XCL_MEM_DDR_BANK1,XCL_MEM_DDR_BANK2,XCL_MEM_DDR_BANK3 -L/home/scratch.bzhan_t186/xilinx_fpga/gemx/gemx/gemx/../boost/lib -lboost_iostreams -lz -L/home/tools/xilinx/vivado_2017.4/Vivado/2017.4/tps/lnx64/gcc-6.2.0/lib64 -lstdc++ -L/home/tools/xilinx/SDAccel/2017.2/runtime/lib/x86_64 -lxilinxopencl -lrt -lOpenCL -pthread -Wl,--rpath=/home/scratch.bzhan_t186/xilinx_fpga/gemx/gemx/gemx/../boost/lib -Wl,--rpath=/home/tools/xilinx/vivado_2017.4/Vivado/2017.4/tps/lnx64/gcc-6.2.0/lib64 -Wl,--rpath=/home/tools/xilinx/SDAccel/2017.2/lib/lnx64.o -Wl,--rpath=/home/tools/xilinx/SDAccel/2017.2/runtime/lib/x86_64
/home/tools/xilinx/vivado_2017.4/Vivado/2017.4/tps/lnx64/gcc-6.2.0/bin/g++ -g -O2 -std=c++11 -I /home/scratch.bzhan_t186/xilinx_fpga/gemx/gemx/gemx/../boost/src -DCL_USE_DEPRECATED_OPENCL_1_1_APIS -DBOOST_COMPUTE_DEBUG_KERNEL_COMPILATION -DBOOST_COMPUTE_HAVE_THREAD_LOCAL -DBOOST_COMPUTE_THREAD_SAFE -D FLOW_HLS_CSIM -D GMEM_M=0  -I ./src -D TEST_SDX=1 -D GEMX_dataType=short -D GEMX_dataEqIntType=short -D GEMX_ddrWidth=4 -D GEMX_argInstrWidth=8 -D GEMX_numInstr=16 -D GEMX_gemvkVectorBlocks=512 -D GEMX_gemvmVectorBlocks=512 -D GEMX_gemvmGroups=1 -D GEMX_gemmMeshRows=4  -D GEMX_gemmMeshCols=4 -D GEMX_gemmMeshDepth=4 -D GEMX_gemmMBlocks=1  -D GEMX_gemmKBlocks=2 -D GEMX_gemmNBlocks=1 -D GEMX_transpBlocks=1 -D GEMX_spmvWidth=1 -D GEMX_spmvkVectorBlocks=2048 -D GEMX_spmvMacGroups=4 -D GEMX_spmvColAddIdxBits=2 -D GEMX_spmvPadA=1 -D GEMX_spmvNumCblocks=1024 -D GEMX_spmvFloatPerDesc=4 -D GEMX_argPipeline=2 -D GEMX_part=kcu1500 -D GEMX_useURAM=0 -D GEMX_splitMesh=0 -D GEMX_runGemv=0 -D GEMX_runGemm=1 -D GEMX_runTransp=0 -D GEMX_runSpmv=0 -D GEMX_numKernels=1 -Wno-ignored-attributes  -I/home/tools/xilinx/SDAccel/2017.2/Vivado_HLS/include -I/home/tools/xilinx/vivado_2017.4/Vivado/2017.4/include -I/home/tools/xilinx/SDAccel/2017.2/runtime/include/1_2  -D GEMX_fpgaDdrBanks=XCL_MEM_DDR_BANK0,XCL_MEM_DDR_BANK1,XCL_MEM_DDR_BANK2,XCL_MEM_DDR_BANK3 -L/home/scratch.bzhan_t186/xilinx_fpga/gemx/gemx/gemx/../boost/lib -lboost_iostreams -lz -L/home/tools/xilinx/vivado_2017.4/Vivado/2017.4/tps/lnx64/gcc-6.2.0/lib64 -lstdc++ -L/home/tools/xilinx/SDAccel/2017.2/runtime/lib/x86_64 -lxilinxopencl -lrt -lOpenCL -pthread -Wl,--rpath=/home/scratch.bzhan_t186/xilinx_fpga/gemx/gemx/gemx/../boost/lib -Wl,--rpath=/home/tools/xilinx/vivado_2017.4/Vivado/2017.4/tps/lnx64/gcc-6.2.0/lib64 -Wl,--rpath=/home/tools/xilinx/SDAccel/2017.2/lib/lnx64.o -Wl,--rpath=/home/tools/xilinx/SDAccel/2017.2/runtime/lib/x86_64  src/gemx_api_gemm.cpp -o out_host/gemx_api_gemm.exe
***** Compile testcase generator executable *****
/home/tools/xilinx/vivado_2017.4/Vivado/2017.4/tps/lnx64/gcc-6.2.0/bin/g++ -g -O2 -std=c++11 -I /home/scratch.bzhan_t186/xilinx_fpga/gemx/gemx/gemx/../boost/src -DCL_USE_DEPRECATED_OPENCL_1_1_APIS -DBOOST_COMPUTE_DEBUG_KERNEL_COMPILATION -DBOOST_COMPUTE_HAVE_THREAD_LOCAL -DBOOST_COMPUTE_THREAD_SAFE -D FLOW_HLS_CSIM -D GMEM_M=0 -I ./src -D TEST_SDX=1 -D GEMX_dataType=short -D GEMX_dataEqIntType=short -D GEMX_ddrWidth=4 -D GEMX_argInstrWidth=8 -D GEMX_numInstr=16 -D GEMX_gemvkVectorBlocks=512 -D GEMX_gemvmVectorBlocks=512 -D GEMX_gemvmGroups=1 -D GEMX_gemmMeshRows=4 -D GEMX_gemmMeshCols=4 -D GEMX_gemmMeshDepth=4 -D GEMX_gemmMBlocks=1 -D GEMX_gemmKBlocks=2 -D GEMX_gemmNBlocks=1 -D GEMX_transpBlocks=1 -D GEMX_spmvWidth=1 -D GEMX_spmvkVectorBlocks=2048 -D GEMX_spmvMacGroups=4 -D GEMX_spmvColAddIdxBits=2 -D GEMX_spmvPadA=1 -D GEMX_spmvNumCblocks=1024 -D GEMX_spmvFloatPerDesc=4 -D GEMX_argPipeline=2 -D GEMX_part=kcu1500 -D GEMX_useURAM=0 -D GEMX_splitMesh=0 -D GEMX_runGemv=0 -D GEMX_runGemm=1 -D GEMX_runTransp=0 -D GEMX_runSpmv=0 -D GEMX_numKernels=1 -Wno-ignored-attributes -I/home/tools/xilinx/SDAccel/2017.2/Vivado_HLS/include -I/home/tools/xilinx/vivado_2017.4/Vivado/2017.4/include -I/home/tools/xilinx/SDAccel/2017.2/runtime/include/1_2 -D GEMX_fpgaDdrBanks=XCL_MEM_DDR_BANK0,XCL_MEM_DDR_BANK1,XCL_MEM_DDR_BANK2,XCL_MEM_DDR_BANK3 -L/home/scratch.bzhan_t186/xilinx_fpga/gemx/gemx/gemx/../boost/lib -lboost_iostreams -lz -L/home/tools/xilinx/vivado_2017.4/Vivado/2017.4/tps/lnx64/gcc-6.2.0/lib64 -lstdc++ -L/home/tools/xilinx/SDAccel/2017.2/runtime/lib/x86_64 -lxilinxopencl -lrt -lOpenCL -pthread -Wl,--rpath=/home/scratch.bzhan_t186/xilinx_fpga/gemx/gemx/gemx/../boost/lib -Wl,--rpath=/home/tools/xilinx/vivado_2017.4/Vivado/2017.4/tps/lnx64/gcc-6.2.0/lib64 -Wl,--rpath=/home/tools/xilinx/SDAccel/2017.2/lib/lnx64.o -Wl,--rpath=/home/tools/xilinx/SDAccel/2017.2/runtime/lib/x86_64
/home/tools/xilinx/vivado_2017.4/Vivado/2017.4/tps/lnx64/gcc-6.2.0/bin/g++ -g -O2 -std=c++11 -I /home/scratch.bzhan_t186/xilinx_fpga/gemx/gemx/gemx/../boost/src -DCL_USE_DEPRECATED_OPENCL_1_1_APIS -DBOOST_COMPUTE_DEBUG_KERNEL_COMPILATION -DBOOST_COMPUTE_HAVE_THREAD_LOCAL -DBOOST_COMPUTE_THREAD_SAFE -D FLOW_HLS_CSIM -D GMEM_M=0  -I ./src -D TEST_SDX=1 -D GEMX_dataType=short -D GEMX_dataEqIntType=short -D GEMX_ddrWidth=4 -D GEMX_argInstrWidth=8 -D GEMX_numInstr=16 -D GEMX_gemvkVectorBlocks=512 -D GEMX_gemvmVectorBlocks=512 -D GEMX_gemvmGroups=1 -D GEMX_gemmMeshRows=4  -D GEMX_gemmMeshCols=4 -D GEMX_gemmMeshDepth=4 -D GEMX_gemmMBlocks=1  -D GEMX_gemmKBlocks=2 -D GEMX_gemmNBlocks=1 -D GEMX_transpBlocks=1 -D GEMX_spmvWidth=1 -D GEMX_spmvkVectorBlocks=2048 -D GEMX_spmvMacGroups=4 -D GEMX_spmvColAddIdxBits=2 -D GEMX_spmvPadA=1 -D GEMX_spmvNumCblocks=1024 -D GEMX_spmvFloatPerDesc=4 -D GEMX_argPipeline=2 -D GEMX_part=kcu1500 -D GEMX_useURAM=0 -D GEMX_splitMesh=0 -D GEMX_runGemv=0 -D GEMX_runGemm=1 -D GEMX_runTransp=0 -D GEMX_runSpmv=0 -D GEMX_numKernels=1 -Wno-ignored-attributes  -I/home/tools/xilinx/SDAccel/2017.2/Vivado_HLS/include -I/home/tools/xilinx/vivado_2017.4/Vivado/2017.4/include -I/home/tools/xilinx/SDAccel/2017.2/runtime/include/1_2  -D GEMX_fpgaDdrBanks=XCL_MEM_DDR_BANK0,XCL_MEM_DDR_BANK1,XCL_MEM_DDR_BANK2,XCL_MEM_DDR_BANK3 -L/home/scratch.bzhan_t186/xilinx_fpga/gemx/gemx/gemx/../boost/lib -lboost_iostreams -lz -L/home/tools/xilinx/vivado_2017.4/Vivado/2017.4/tps/lnx64/gcc-6.2.0/lib64 -lstdc++ -L/home/tools/xilinx/SDAccel/2017.2/runtime/lib/x86_64 -lxilinxopencl -lrt -lOpenCL -pthread -Wl,--rpath=/home/scratch.bzhan_t186/xilinx_fpga/gemx/gemx/gemx/../boost/lib -Wl,--rpath=/home/tools/xilinx/vivado_2017.4/Vivado/2017.4/tps/lnx64/gcc-6.2.0/lib64 -Wl,--rpath=/home/tools/xilinx/SDAccel/2017.2/lib/lnx64.o -Wl,--rpath=/home/tools/xilinx/SDAccel/2017.2/runtime/lib/x86_64  src/gemx_api_spmv.cpp -o out_host/gemx_api_spmv.exe
make SDA_FLOW=cpu_emu run_em_int  2>&1 | tee log-run_cpu_em.txt
make[1]: Entering directory '/home/scratch.bzhan_t186/xilinx_fpga/gemx/gemx/gemx'
/home/tools/xilinx/SDAccel/2017.2/bin/emconfigutil --platform xilinx:kcu1500:4ddr-xpr:4.0 --xp prop:solution.device_repo_paths=/home/tools/xilinx/SDAccel/2017.2/platforms  --od out_host

****** configutil v2017.2_sdx (64-bit)
  **** SW Build 1972098 on Wed Aug 23 11:34:38 MDT 2017
    ** Copyright 1986-2017 Xilinx, Inc. All Rights Reserved.

WARNING: device_repo_paths is not applicable when --platform/-f option is used, the specified directory is ignored.
INFO: [ConfigUtil 60-895]    Target platform: /home/tools/xilinx/SDAccel/2017.2/platforms/xilinx_kcu1500_4ddr-xpr_4_0/xilinx_kcu1500_4ddr-xpr_4_0.xpfm
emulation configuration file `emconfig.json` is created in ./out_host directory 
************* Creating DIR out_cpu_emu/k0dir *************
mkdir out_cpu_emu/k0dir
***** Compiling XO out_cpu_emu/k0dir/gemx.xo *****
/home/tools/xilinx/SDAccel/2017.2/bin/xocc --temp_dir out_cpu_emu/k0dir -c -t sw_emu --xp prop:solution.hls_pre_tcl=hls_config.tcl --xp param:compiler.worstNegativeSlack=-0.1   --xp prop:solution.platform_repo_paths=/home/tools/xilinx/SDAccel/2017.2/platforms/xilinx_kcu1500_4ddr-xpr_4_0  --platform xilinx_kcu1500_4ddr-xpr_4_0  -s -g -D GMEM_M=0  -I ./src -D TEST_SDX=1 -D GEMX_dataType=short -D GEMX_dataEqIntType=short -D GEMX_ddrWidth=4 -D GEMX_argInstrWidth=8 -D GEMX_numInstr=16 -D GEMX_gemvkVectorBlocks=512 -D GEMX_gemvmVectorBlocks=512 -D GEMX_gemvmGroups=1 -D GEMX_gemmMeshRows=4  -D GEMX_gemmMeshCols=4 -D GEMX_gemmMeshDepth=4 -D GEMX_gemmMBlocks=1  -D GEMX_gemmKBlocks=2 -D GEMX_gemmNBlocks=1 -D GEMX_transpBlocks=1 -D GEMX_spmvWidth=1 -D GEMX_spmvkVectorBlocks=2048 -D GEMX_spmvMacGroups=4 -D GEMX_spmvColAddIdxBits=2 -D GEMX_spmvPadA=1 -D GEMX_spmvNumCblocks=1024 -D GEMX_spmvFloatPerDesc=4 -D GEMX_argPipeline=2 -D GEMX_part=kcu1500 -D GEMX_useURAM=0 -D GEMX_splitMesh=0 -D GEMX_runGemv=0 -D GEMX_runGemm=1 -D GEMX_runTransp=0 -D GEMX_runSpmv=0 -D GEMX_numKernels=1 -Wno-ignored-attributes  --kernel_frequency 250  --xp prop:kernel.gemxKernel_0.kernel_flags=-std=c++0x -k gemxKernel_0 -D GEMX_kernelId=0 -o out_cpu_emu/k0dir/gemx.xo src/gemx_kernel.cpp

****** xocc v2017.2_sdx (64-bit)
  **** SW Build 1972098 on Wed Aug 23 11:34:38 MDT 2017
    ** Copyright 1986-2017 Xilinx, Inc. All Rights Reserved.

Attempting to get a license: ap_opencl
Feature available: ap_opencl
INFO: [XOCC 60-585] Compiling for software emulation target
INFO: [XOCC 60-895]    Target platform: /home/tools/xilinx/SDAccel/2017.2/platforms/xilinx_kcu1500_4ddr-xpr_4_0/xilinx_kcu1500_4ddr-xpr_4_0.xpfm
INFO: [XOCC 60-423]   Target device: xilinx:kcu1500:4ddr-xpr:4.0
INFO: [XOCC 60-242] Creating kernel: 'gemxKernel_0'

===>The following messages were generated while  performing high-level synthesis for kernel: gemxKernel_0 Log file:/home/scratch.bzhan_t186/xilinx_fpga/gemx/gemx/gemx/out_cpu_emu/k0dir/_xocc_compile_gemx_kernel_gemx.dir/impl/kernels/gemxKernel_0/vivado_hls.log :
INFO: [XOCC 204-61] Option 'relax_ii_for_timing' is enabled, will increase II to preserve clock frequency constraints.
INFO: [XOCC 60-594] Finished kernel compilation
INFO: [XOCC 60-586] Created out_cpu_emu/k0dir/gemx.xo
INFO: [XOCC 60-791] Total elapsed time: 0h 0m 55s
************* Compile XCLBIN out_cpu_emu/gemx.xclbin  from  out_cpu_emu/k0dir/gemx.xo *************
/home/tools/xilinx/SDAccel/2017.2/bin/xocc -l -t sw_emu --xp prop:solution.hls_pre_tcl=hls_config.tcl --xp param:compiler.worstNegativeSlack=-0.1   --xp prop:solution.platform_repo_paths=/home/tools/xilinx/SDAccel/2017.2/platforms/xilinx_kcu1500_4ddr-xpr_4_0  --platform xilinx_kcu1500_4ddr-xpr_4_0  -s -g --temp_dir out_cpu_emu --kernel_frequency 250 --xp misc:map_connect=add.kernel.gemxKernel_0.M_AXI_GMEMM.core.OCL_REGION_0.M00_AXI --nk gemxKernel_0:1:gemxKernel_0 out_cpu_emu/k0dir/gemx.xo -o out_cpu_emu/gemx.xclbin

****** xocc v2017.2_sdx (64-bit)
  **** SW Build 1972098 on Wed Aug 23 11:34:38 MDT 2017
    ** Copyright 1986-2017 Xilinx, Inc. All Rights Reserved.

INFO: [XOCC 60-629] Linking for software emulation target
INFO: [XOCC 60-895]    Target platform: /home/tools/xilinx/SDAccel/2017.2/platforms/xilinx_kcu1500_4ddr-xpr_4_0/xilinx_kcu1500_4ddr-xpr_4_0.xpfm
INFO: [XOCC 60-423]   Target device: xilinx:kcu1500:4ddr-xpr:4.0
INFO: [XOCC 60-694] Validating user connections (map_connect)...
INFO: [XOCC 60-690] User connection 'kernel|gemxKernel_0|M_AXI_GMEMM' is valid
INFO: [XOCC 60-690] User connection 'core|OCL_REGION_0|M00_AXI' is valid
INFO: [XOCC 60-645] kernel flags are '-g -D GMEM_M=0 -D TEST_SDX=1 -D GEMX_dataType=short -D GEMX_dataEqIntType=short -D GEMX_ddrWidth=4 -D GEMX_argInstrWidth=8 -D GEMX_numInstr=16 -D GEMX_gemvkVectorBlocks=512 -D GEMX_gemvmVectorBlocks=512 -D GEMX_gemvmGroups=1 -D GEMX_gemmMeshRows=4 -D GEMX_gemmMeshCols=4 -D GEMX_gemmMeshDepth=4 -D GEMX_gemmMBlocks=1 -D GEMX_gemmKBlocks=2 -D GEMX_gemmNBlocks=1 -D GEMX_transpBlocks=1 -D GEMX_spmvWidth=1 -D GEMX_spmvkVectorBlocks=2048 -D GEMX_spmvMacGroups=4 -D GEMX_spmvColAddIdxBits=2 -D GEMX_spmvPadA=1 -D GEMX_spmvNumCblocks=1024 -D GEMX_spmvFloatPerDesc=4 -D GEMX_argPipeline=2 -D GEMX_part=kcu1500 -D GEMX_useURAM=0 -D GEMX_splitMesh=0 -D GEMX_runGemv=0 -D GEMX_runGemm=1 -D GEMX_runTransp=0 -D GEMX_runSpmv=0 -D GEMX_numKernels=1 -D GEMX_kernelId=0 -I /home/scratch.bzhan_t186/xilinx_fpga/gemx/gemx/gemx/src -std=c++0x -g'
INFO: [XOCC 60-586] Created out_cpu_emu/gemx.xclbin
INFO: [XOCC 60-791] Total elapsed time: 0h 0m 12s
INFO: kernel xclbin frequency is csim-250 MHz
env XCL_EMULATION_MODE=true LD_LIBRARY_PATH=/home/tools/xilinx/SDAccel/2017.2/lib/lnx64.o:/usr/lib/x86_64-linux-gnu out_host/gemx_host.exe out_cpu_emu/gemx.xclbin out_host/app.bin out_cpu_emu/app_out.bin
Linux:4.1.15.pnotify:#11 SMP Thu Sep 29 12:22:34 PDT 2016:x86_64
--- 
XILINX_OPENCL="/home/scratch.bzhan_t186/xilinx_fpga/kcu1500_board/xbinst"
LD_LIBRARY_PATH="/home/tools/xilinx/SDAccel/2017.2/lib/lnx64.o:/usr/lib/x86_64-linux-gnu"
--- 
platform profile    : EMBEDDED_PROFILE
platform version    : OpenCL 1.0
platform name       : Xilinx
platform vendor     : Xilinx
platform extensions : cl_khr_icd
  device type                            : CL_DEVICE_TYPE_ACCELERATOR
  device vendor id                       : 0
  device max compute units               : 1
  device max work item dimensions        : 3
  device max work group size             : 4096
  device max work item sizes             : [  4096  4096  4096  ]
  device preferred vector width char     : 1
  device preferred vector width short    : 1
  device preferred vector width int      : 1
  device preferred vector width long     : 1
  device preferred vector width float    : 1
  device preferred vector width double   : 0
  device max clock frequency             : 200
  device address bits                    : 32
  device max read image args             : 128
  device max write image args            : 8
  device max mem alloc size              : 536870912
  device image2d max width               : 8192
  device image2d max height              : 8192
  device image3d max width               : 2048
  device image3d max height              : 2048
  device image3d max depth               : 2048
  device image support                   : true
  device max parameter size              : 2048
  device max samplers                    : 0
  device mem base addr align             : 32768
  device min data type align size        : 128
  device single fp config                : [ CL_FP_INF_NAN ]
  device global mem cache type           : CL_NONE
  device global mem cacheline size       : 64
  device global mem cache size           : 0
  device global mem size                 : 17179869184
  device max constant buffer size        : 4194304
  device max constant args               : 8
  device local mem type                  : CL_GLOBAL
  device local mem size                  : 16384
  device error correction support        : true
  device profiling timer resolution      : 1
  device endian little                   : true
  device available                       : false
  device compiler available              : true
  device execution capabilities          : [ CL_EXEC_KERNEL ]
  device queue properties                : [ CL_QUEUE_OUT_OF_ORDER_EXEC_MODE_ENABLE CL_QUEUE_PROFILING_ENABLE ]
  device name                            : xilinx_kcu1500_4ddr-xpr_4_0
  device vendor                          : Xilinx
  device version                         : 1.0
  device profile                         : EMBEDDED_PROFILE
  device version                         : OpenCL 1.0
  device extensions                      : 
  device platform                        : Xilinx
  device double fp config                : [ ]
  device preferred vector width half     : 1
  device host unified memory             : true
  device native vector width char        : 1
  device native vector width short       : 1
  device native vector width int         : 1
  device native vector width long        : 1
  device native vector width float       : 1
  device native vector width double      : 1
  device native vector width half        : 1
  device opencl c version                : OpenCL C 1.0
  device linker available                : true
  device built in kernels                : 
  device image max buffer size           : 65536
  device image max array size            : 2048
  device parent device                   : N/A 
  device partition max sub devices       : 0
  device partition properties            : NONE
  device partition affinity domain       : [ ]
  device partition type                  : N/A 
  device reference count                 : 1
  device preferred interop user sync     : true
  device printf buffer size              : 0
GEMX:   out_host/gemx_host.exe  out_cpu_emu/gemx.xclbin  out_host/app.bin out_cpu_emu/app_out.bin
INFO: loading out_host/app.bin of size 36864
INFO: loaded 36864 bytes from out_host/app.bin
FATAL ERROR : child process did not launch
WARNING: Profiling may contain incomplete information. Please call clReleaseProgram() from your host code.
