env XCL_EMULATION_MODE=false LD_LIBRARY_PATH=/local/utils/xilinx/SDx/2017.1/lib/lnx64.o:/usr/lib/x86_64-linux-gnu XILINX_OPENCL=/local/utils/xilinx/kcu1500_xbinst_2017.1/x
binst out_host/gemx_api_gemm.exe out_hw_4CUs_110MHz_4096DSPs_16bit/gemx.xclbin 2048 2048 2048

number of memory pages allocated for one kernel: 6146

INFO: created kernels
loadXclbin  228.011078 msec
WARNING: unaligned host pointer detected, this leads to extra memcpy
WARNING: unaligned host pointer detected, this leads to extra memcpy
WARNING: unaligned host pointer detected, this leads to extra memcpy
WARNING: unaligned host pointer detected, this leads to extra memcpy
created buffers  46.787046 msec
INFO: transferred data to FPGA
copyToFpga  0.700346 msec
INFO: Executed kernel
callKernel  0.990017 msec
INFO: Transferred data from FPGA
copyFromFpga  120.516906 msec
total  397.035977 msec
subtotalFpga  122.252103 msec

DATA_CSV:,DdrWidth,Freq,M,K,N,Ops,KernelCycles,TimeKernelMs,TimeApiMs,EffKernelPct,EffApiPct,PerfKernelTops,PerfApiTops
DATA_CSV:,32,110.000000,2048,2048,2048,68719476736,8400548,76.368618,122.252103,99.857866,62.379355,0.899839,0.562113

