env XCL_EMULATION_MODE=false LD_LIBRARY_PATH=/local/utils/xilinx/SDx/2017.1/lib/lnx64.o:/usr/lib/x86_64-linux-gnu XILINX_OPENCL=/local/utils/xilinx/kcu1500_xbinst_2017.1/x
binst out_host/gemx_api_gemm.exe out_hw_4CUs_110MHz_4096DSPs_16bit/gemx.xclbin 512 512 512

number of memory pages allocated for one kernel: 386

INFO: created kernels
loadXclbin  239.650402 msec
WARNING: unaligned host pointer detected, this leads to extra memcpy
WARNING: unaligned host pointer detected, this leads to extra memcpy
WARNING: unaligned host pointer detected, this leads to extra memcpy
WARNING: unaligned host pointer detected, this leads to extra memcpy
created buffers  7.143253 msec
INFO: transferred data to FPGA
copyToFpga  0.521009 msec
INFO: Executed kernel
callKernel  1.330607 msec
INFO: Transferred data from FPGA
copyFromFpga  5.235260 msec
total  253.903573 msec
subtotalFpga  7.127710 msec

DATA_CSV:,DdrWidth,Freq,M,K,N,Ops,KernelCycles,TimeKernelMs,TimeApiMs,EffKernelPct,EffApiPct,PerfKernelTops,PerfApiTops
DATA_CSV:,32,110.000000,512,512,512,1073741824,139988,1.272618,7.127710,93.630883,16.717342,0.843727,0.150643

