env XCL_EMULATION_MODE=false LD_LIBRARY_PATH=/local/utils/xilinx/SDx/2017.1/lib/lnx64.o:/usr/lib/x86_64-linux-gnu XILINX_OPENCL=/local/utils/xilinx/kcu1500_xbinst_2017.1/x
binst out_host/gemx_api_gemm.exe out_hw_4CUs_110MHz_4096DSPs_16bit/gemx.xclbin 1024 1024 1024

number of memory pages allocated for one kernel: 1538

INFO: created kernels
loadXclbin  231.535098 msec
WARNING: unaligned host pointer detected, this leads to extra memcpy
WARNING: unaligned host pointer detected, this leads to extra memcpy
WARNING: unaligned host pointer detected, this leads to extra memcpy
WARNING: unaligned host pointer detected, this leads to extra memcpy
created buffers  16.572672 msec
INFO: transferred data to FPGA
copyToFpga  0.609136 msec
INFO: Executed kernel
callKernel  1.103394 msec
INFO: Transferred data from FPGA
copyFromFpga  21.732389 msec
total  271.574023 msec
subtotalFpga  23.479753 msec

DATA_CSV:,DdrWidth,Freq,M,K,N,Ops,KernelCycles,TimeKernelMs,TimeApiMs,EffKernelPct,EffApiPct,PerfKernelTops,PerfApiTops
DATA_CSV:,32,110.000000,1024,1024,1024,8589934592,1057828,9.616618,23.479753,99.125378,40.598847,0.893239,0.365844

